<?xml version="1.0" encoding="UTF-8"?>
<!-- Generated by org.testng.reporters.JUnitXMLReporter -->
<testsuite hostname="Riz-Laptop" ignored="0" name="RegressionTest" tests="4" failures="0" timestamp="2021-05-11T05:31:30 EDT" time="8.392" errors="0">
  <testcase name="userClicksOnSignIn" time="1.004" classname="regression.LoginPage"/>
  <testcase name="userEntersCredentials" time="1.196" classname="regression.LoginPage"/>
  <testcase name="userSignsOut" time="2.448" classname="regression.LoginPage"/>
  <testcase name="verifyHomePage" time="0.005" classname="regression.LoginPage"/>
</testsuite> <!-- RegressionTest -->
