<?xml version="1.0" encoding="UTF-8"?>
<!-- Generated by org.testng.reporters.JUnitXMLReporter -->
<testsuite hostname="Riz-Laptop" ignored="0" name="RegressionTest" tests="4" failures="0" timestamp="2021-05-11T23:36:45 EDT" time="10.076" errors="0">
  <testcase name="userClicksOnSignIn" time="1.036" classname="regression.LoginPage"/>
  <testcase name="userEntersCredentials" time="2.322" classname="regression.LoginPage"/>
  <testcase name="verifyHomePage" time="0.011" classname="regression.LoginPage"/>
  <testcase name="userSignsOut" time="2.416" classname="regression.LoginPage"/>
</testsuite> <!-- RegressionTest -->
